<?xml version="1.0" encoding="UTF-8"?>
<!-- Generated by org.testng.reporters.JUnitXMLReporter -->
<testsuite ignored="0" hostname="Tahu-PC" failures="1" tests="1" name="Surefire test" time="5.358" errors="0" timestamp="2024-07-14T12:09:17 EDT">
  <testcase classname="facebookInterface.EspanolLinkTest" name="linkTest" time="0.849">
    <failure type="java.lang.AssertionError" message="expected [Facebook - Inicia sesión o regístrate] but found [Facebook - Inicia sesión o registrate123]">
      <![CDATA[java.lang.AssertionError: expected [Facebook - Inicia sesión o regístrate] but found [Facebook - Inicia sesión o registrate123]
at facebookInterface.EspanolLinkTest.linkTest(EspanolLinkTest.java:37)
at java.base/java.util.ArrayList.forEach(ArrayList.java:1596)
... Removed 36 stack frames]]>
    </failure>
  </testcase> <!-- linkTest -->
</testsuite> <!-- Surefire test -->
