<?xml version="1.0" encoding="UTF-8"?>
<!-- Generated by org.testng.reporters.JUnitXMLReporter -->
<testsuite ignored="0" hostname="Tahu-PC" failures="0" tests="3" name="Default test" time="10.368" errors="0" timestamp="2024-09-30T20:31:03 EDT">
  <testcase classname="pageObjectModel.LoginTest" name="invalidPassLoginTest" time="0.466"/>
  <testcase classname="pageObjectModel.LoginTest" name="invalidUserLoginTest" time="0.408"/>
  <testcase classname="pageObjectModel.LoginTest" name="validLoginTest" time="0.476"/>
</testsuite> <!-- Default test -->
