<?xml version="1.0" encoding="UTF-8"?>
<!-- Generated by org.testng.reporters.JUnitXMLReporter -->
<testsuite ignored="0" hostname="Tahu-PC" failures="0" tests="3" name="Default test" time="10.914" errors="0" timestamp="2024-09-07T20:34:04 EDT">
  <testcase classname="dynamicCoding.DynamicLoginTest" name="invalidPasswordTest" time="0.462"/>
  <testcase classname="dynamicCoding.DynamicLoginTest" name="invalidUsernameTest" time="0.432"/>
  <testcase classname="dynamicCoding.DynamicLoginTest" name="validLoginTest" time="0.37"/>
</testsuite> <!-- Default test -->
