<?xml version="1.0" encoding="UTF-8"?>
<testng-results ignored="0" total="3" passed="3" failed="0" skipped="0">
  <reporter-output>
  </reporter-output>
  <suite started-at="2024-09-30T20:30:53 EDT" name="Default suite" finished-at="2024-09-30T20:31:03 EDT" duration-ms="10368">
    <groups>
    </groups>
    <test started-at="2024-09-30T20:30:53 EDT" name="Default test" finished-at="2024-09-30T20:31:03 EDT" duration-ms="10368">
      <class name="pageObjectModel.LoginTest">
        <test-method is-config="true" signature="openFacebook()[pri:0, instance:pageObjectModel.LoginTest@2d7275fc]" started-at="2024-09-30T20:30:53 EDT" name="openFacebook" finished-at="2024-09-30T20:30:56 EDT" duration-ms="3153" status="PASS">
          <reporter-output>
          </reporter-output>
        </test-method> <!-- openFacebook -->
        <test-method signature="invalidPassLoginTest()[pri:0, instance:pageObjectModel.LoginTest@2d7275fc]" started-at="2024-09-30T20:30:56 EDT" name="invalidPassLoginTest" finished-at="2024-09-30T20:30:57 EDT" duration-ms="466" status="PASS">
          <reporter-output>
          </reporter-output>
        </test-method> <!-- invalidPassLoginTest -->
        <test-method is-config="true" signature="closeFacebook()[pri:0, instance:pageObjectModel.LoginTest@2d7275fc]" started-at="2024-09-30T20:30:57 EDT" name="closeFacebook" finished-at="2024-09-30T20:30:57 EDT" duration-ms="191" status="PASS">
          <reporter-output>
          </reporter-output>
        </test-method> <!-- closeFacebook -->
        <test-method is-config="true" signature="openFacebook()[pri:0, instance:pageObjectModel.LoginTest@2d7275fc]" started-at="2024-09-30T20:30:57 EDT" name="openFacebook" finished-at="2024-09-30T20:31:00 EDT" duration-ms="2782" status="PASS">
          <reporter-output>
          </reporter-output>
        </test-method> <!-- openFacebook -->
        <test-method signature="invalidUserLoginTest()[pri:0, instance:pageObjectModel.LoginTest@2d7275fc]" started-at="2024-09-30T20:31:00 EDT" name="invalidUserLoginTest" finished-at="2024-09-30T20:31:00 EDT" duration-ms="408" status="PASS">
          <reporter-output>
          </reporter-output>
        </test-method> <!-- invalidUserLoginTest -->
        <test-method is-config="true" signature="closeFacebook()[pri:0, instance:pageObjectModel.LoginTest@2d7275fc]" started-at="2024-09-30T20:31:00 EDT" name="closeFacebook" finished-at="2024-09-30T20:31:00 EDT" duration-ms="221" status="PASS">
          <reporter-output>
          </reporter-output>
        </test-method> <!-- closeFacebook -->
        <test-method is-config="true" signature="openFacebook()[pri:0, instance:pageObjectModel.LoginTest@2d7275fc]" started-at="2024-09-30T20:31:00 EDT" name="openFacebook" finished-at="2024-09-30T20:31:03 EDT" duration-ms="2425" status="PASS">
          <reporter-output>
          </reporter-output>
        </test-method> <!-- openFacebook -->
        <test-method signature="validLoginTest()[pri:0, instance:pageObjectModel.LoginTest@2d7275fc]" started-at="2024-09-30T20:31:03 EDT" name="validLoginTest" finished-at="2024-09-30T20:31:03 EDT" duration-ms="476" status="PASS">
          <reporter-output>
          </reporter-output>
        </test-method> <!-- validLoginTest -->
        <test-method is-config="true" signature="closeFacebook()[pri:0, instance:pageObjectModel.LoginTest@2d7275fc]" started-at="2024-09-30T20:31:03 EDT" name="closeFacebook" finished-at="2024-09-30T20:31:03 EDT" duration-ms="192" status="PASS">
          <reporter-output>
          </reporter-output>
        </test-method> <!-- closeFacebook -->
      </class> <!-- pageObjectModel.LoginTest -->
    </test> <!-- Default test -->
  </suite> <!-- Default suite -->
</testng-results>
