<?xml version="1.0" encoding="UTF-8"?>
<testng-results ignored="0" total="3" passed="3" failed="0" skipped="0">
  <reporter-output>
  </reporter-output>
  <suite started-at="2024-09-07T20:33:53 EDT" name="Default suite" finished-at="2024-09-07T20:34:04 EDT" duration-ms="10914">
    <groups>
    </groups>
    <test started-at="2024-09-07T20:33:53 EDT" name="Default test" finished-at="2024-09-07T20:34:04 EDT" duration-ms="10914">
      <class name="dynamicCoding.DynamicLoginTest">
        <test-method is-config="true" signature="openFacebook()[pri:0, instance:dynamicCoding.DynamicLoginTest@399f45b1]" started-at="2024-09-07T20:33:53 EDT" name="openFacebook" finished-at="2024-09-07T20:33:56 EDT" duration-ms="3031" status="PASS">
          <reporter-output>
          </reporter-output>
        </test-method> <!-- openFacebook -->
        <test-method signature="invalidPasswordTest()[pri:0, instance:dynamicCoding.DynamicLoginTest@399f45b1]" started-at="2024-09-07T20:33:56 EDT" name="invalidPasswordTest" finished-at="2024-09-07T20:33:57 EDT" duration-ms="462" status="PASS">
          <reporter-output>
          </reporter-output>
        </test-method> <!-- invalidPasswordTest -->
        <test-method is-config="true" signature="closeFacebook()[pri:0, instance:dynamicCoding.DynamicLoginTest@399f45b1]" started-at="2024-09-07T20:33:57 EDT" name="closeFacebook" finished-at="2024-09-07T20:33:57 EDT" duration-ms="213" status="PASS">
          <reporter-output>
          </reporter-output>
        </test-method> <!-- closeFacebook -->
        <test-method is-config="true" signature="openFacebook()[pri:0, instance:dynamicCoding.DynamicLoginTest@399f45b1]" started-at="2024-09-07T20:33:57 EDT" name="openFacebook" finished-at="2024-09-07T20:34:00 EDT" duration-ms="3149" status="PASS">
          <reporter-output>
          </reporter-output>
        </test-method> <!-- openFacebook -->
        <test-method signature="invalidUsernameTest()[pri:0, instance:dynamicCoding.DynamicLoginTest@399f45b1]" started-at="2024-09-07T20:34:00 EDT" name="invalidUsernameTest" finished-at="2024-09-07T20:34:01 EDT" duration-ms="432" status="PASS">
          <reporter-output>
          </reporter-output>
        </test-method> <!-- invalidUsernameTest -->
        <test-method is-config="true" signature="closeFacebook()[pri:0, instance:dynamicCoding.DynamicLoginTest@399f45b1]" started-at="2024-09-07T20:34:01 EDT" name="closeFacebook" finished-at="2024-09-07T20:34:01 EDT" duration-ms="223" status="PASS">
          <reporter-output>
          </reporter-output>
        </test-method> <!-- closeFacebook -->
        <test-method is-config="true" signature="openFacebook()[pri:0, instance:dynamicCoding.DynamicLoginTest@399f45b1]" started-at="2024-09-07T20:34:01 EDT" name="openFacebook" finished-at="2024-09-07T20:34:04 EDT" duration-ms="2755" status="PASS">
          <reporter-output>
          </reporter-output>
        </test-method> <!-- openFacebook -->
        <test-method signature="validLoginTest()[pri:0, instance:dynamicCoding.DynamicLoginTest@399f45b1]" started-at="2024-09-07T20:34:04 EDT" name="validLoginTest" finished-at="2024-09-07T20:34:04 EDT" duration-ms="370" status="PASS">
          <reporter-output>
          </reporter-output>
        </test-method> <!-- validLoginTest -->
        <test-method is-config="true" signature="closeFacebook()[pri:0, instance:dynamicCoding.DynamicLoginTest@399f45b1]" started-at="2024-09-07T20:34:04 EDT" name="closeFacebook" finished-at="2024-09-07T20:34:04 EDT" duration-ms="221" status="PASS">
          <reporter-output>
          </reporter-output>
        </test-method> <!-- closeFacebook -->
      </class> <!-- dynamicCoding.DynamicLoginTest -->
    </test> <!-- Default test -->
  </suite> <!-- Default suite -->
</testng-results>
